<?xml version="1.0" encoding="UTF-8"?>
<!-- Generated by org.testng.reporters.JUnitXMLReporter -->
<testsuite hostname="NOL-LOE-GEL0095" ignored="0" name="Surefire test" tests="2" failures="0" timestamp="16 Jan 2019 14:54:49 GMT" time="15.068" errors="0">
  <testcase name="runTests" time="11.624" classname="com.prototype.framework.runner.TestNgCucumberRunner"/>
  <testcase name="runTests" time="3.129" classname="com.prototype.framework.runner.TestNgCucumberRunner"/>
</testsuite> <!-- Surefire test -->
