<?xml version="1.0" encoding="UTF-8"?>
<!-- Generated by org.testng.reporters.JUnitXMLReporter -->
<testsuite hostname="Fuads-MacBook-Pro.local" ignored="0" name="Surefire test" tests="2" failures="0" timestamp="29 Dec 2018 15:12:24 GMT" time="18.519" errors="0">
  <testcase name="runTests" time="12.321" classname="com.prototype.framework.runner.TestNgCucumberRunner"/>
  <testcase name="runTests" time="5.818" classname="com.prototype.framework.runner.TestNgCucumberRunner"/>
</testsuite> <!-- Surefire test -->
