<?xml version="1.0" encoding="UTF-8"?>
<testng-results skipped="0" failed="0" ignored="0" total="2" passed="2">
  <reporter-output>
  </reporter-output>
  <suite name="Surefire suite" duration-ms="18519" started-at="2018-12-29T15:12:05Z" finished-at="2018-12-29T15:12:24Z">
    <groups>
    </groups>
    <test name="Surefire test" duration-ms="18519" started-at="2018-12-29T15:12:05Z" finished-at="2018-12-29T15:12:24Z">
      <class name="com.prototype.framework.runner.TestNgCucumberRunner">
        <test-method status="PASS" signature="setUpClass()[pri:0, instance:com.prototype.framework.runner.TestNgCucumberRunner@2cb4c3ab]" name="setUpClass" is-config="true" duration-ms="253" started-at="2018-12-29T15:12:05Z" finished-at="2018-12-29T15:12:06Z">
          <reporter-output>
          </reporter-output>
        </test-method> <!-- setUpClass -->
        <test-method status="PASS" signature="runTests(cucumber.api.testng.CucumberFeatureWrapper)[pri:0, instance:com.prototype.framework.runner.TestNgCucumberRunner@2cb4c3ab]" name="runTests" duration-ms="12321" started-at="2018-12-29T15:12:06Z" data-provider="features" finished-at="2018-12-29T15:12:18Z">
          <params>
            <param index="0">
              <value>
                <![CDATA[Employee]]>
              </value>
            </param>
          </params>
          <reporter-output>
          </reporter-output>
        </test-method> <!-- runTests -->
        <test-method status="PASS" signature="runTests(cucumber.api.testng.CucumberFeatureWrapper)[pri:0, instance:com.prototype.framework.runner.TestNgCucumberRunner@2cb4c3ab]" name="runTests" duration-ms="5818" started-at="2018-12-29T15:12:18Z" data-provider="features" finished-at="2018-12-29T15:12:24Z">
          <params>
            <param index="0">
              <value>
                <![CDATA[LoginFeature]]>
              </value>
            </param>
          </params>
          <reporter-output>
          </reporter-output>
        </test-method> <!-- runTests -->
        <test-method status="PASS" signature="afterClass()[pri:0, instance:com.prototype.framework.runner.TestNgCucumberRunner@2cb4c3ab]" name="afterClass" is-config="true" duration-ms="10" started-at="2018-12-29T15:12:24Z" finished-at="2018-12-29T15:12:24Z">
          <reporter-output>
          </reporter-output>
        </test-method> <!-- afterClass -->
      </class> <!-- com.prototype.framework.runner.TestNgCucumberRunner -->
    </test> <!-- Surefire test -->
  </suite> <!-- Surefire suite -->
</testng-results>
