<?xml version="1.0" encoding="UTF-8"?>
<testng-results skipped="0" failed="0" ignored="0" total="2" passed="2">
  <reporter-output>
  </reporter-output>
  <suite name="Surefire suite" duration-ms="15098" started-at="2019-01-16T15:37:58Z" finished-at="2019-01-16T15:38:13Z">
    <groups>
    </groups>
    <test name="Surefire test" duration-ms="15098" started-at="2019-01-16T15:37:58Z" finished-at="2019-01-16T15:38:13Z">
      <class name="com.prototype.framework.runner.TestNgCucumberRunner">
        <test-method status="PASS" signature="setUpClass()[pri:0, instance:com.prototype.framework.runner.TestNgCucumberRunner@15975490]" name="setUpClass" is-config="true" duration-ms="145" started-at="2019-01-16T15:37:58Z" finished-at="2019-01-16T15:37:59Z">
          <reporter-output>
          </reporter-output>
        </test-method> <!-- setUpClass -->
        <test-method status="PASS" signature="runTests(cucumber.api.testng.CucumberFeatureWrapper)[pri:0, instance:com.prototype.framework.runner.TestNgCucumberRunner@15975490]" name="runTests" duration-ms="9112" started-at="2019-01-16T15:37:59Z" data-provider="features" finished-at="2019-01-16T15:38:08Z">
          <params>
            <param index="0">
              <value>
                <![CDATA[Employee]]>
              </value>
            </param>
          </params>
          <reporter-output>
          </reporter-output>
        </test-method> <!-- runTests -->
        <test-method status="PASS" signature="runTests(cucumber.api.testng.CucumberFeatureWrapper)[pri:0, instance:com.prototype.framework.runner.TestNgCucumberRunner@15975490]" name="runTests" duration-ms="5769" started-at="2019-01-16T15:38:08Z" data-provider="features" finished-at="2019-01-16T15:38:13Z">
          <params>
            <param index="0">
              <value>
                <![CDATA[LoginFeature]]>
              </value>
            </param>
          </params>
          <reporter-output>
          </reporter-output>
        </test-method> <!-- runTests -->
        <test-method status="PASS" signature="afterClass()[pri:0, instance:com.prototype.framework.runner.TestNgCucumberRunner@15975490]" name="afterClass" is-config="true" duration-ms="9" started-at="2019-01-16T15:38:13Z" finished-at="2019-01-16T15:38:13Z">
          <reporter-output>
          </reporter-output>
        </test-method> <!-- afterClass -->
      </class> <!-- com.prototype.framework.runner.TestNgCucumberRunner -->
    </test> <!-- Surefire test -->
  </suite> <!-- Surefire suite -->
</testng-results>
