<?xml version="1.0" encoding="UTF-8"?>
<testng-results skipped="0" failed="0" ignored="0" total="2" passed="2">
  <reporter-output>
  </reporter-output>
  <suite name="Surefire suite" duration-ms="13270" started-at="2019-01-07T20:21:43Z" finished-at="2019-01-07T20:21:57Z">
    <groups>
    </groups>
    <test name="Surefire test" duration-ms="13270" started-at="2019-01-07T20:21:43Z" finished-at="2019-01-07T20:21:57Z">
      <class name="com.prototype.framework.runner.TestNgCucumberRunner">
        <test-method status="PASS" signature="setUpClass()[pri:0, instance:com.prototype.framework.runner.TestNgCucumberRunner@234bef66]" name="setUpClass" is-config="true" duration-ms="282" started-at="2019-01-07T20:21:43Z" finished-at="2019-01-07T20:21:44Z">
          <reporter-output>
          </reporter-output>
        </test-method> <!-- setUpClass -->
        <test-method status="PASS" signature="runTests(cucumber.api.testng.CucumberFeatureWrapper)[pri:0, instance:com.prototype.framework.runner.TestNgCucumberRunner@234bef66]" name="runTests" duration-ms="8134" started-at="2019-01-07T20:21:44Z" data-provider="features" finished-at="2019-01-07T20:21:52Z">
          <params>
            <param index="0">
              <value>
                <![CDATA[Employee]]>
              </value>
            </param>
          </params>
          <reporter-output>
          </reporter-output>
        </test-method> <!-- runTests -->
        <test-method status="PASS" signature="runTests(cucumber.api.testng.CucumberFeatureWrapper)[pri:0, instance:com.prototype.framework.runner.TestNgCucumberRunner@234bef66]" name="runTests" duration-ms="4745" started-at="2019-01-07T20:21:52Z" data-provider="features" finished-at="2019-01-07T20:21:57Z">
          <params>
            <param index="0">
              <value>
                <![CDATA[LoginFeature]]>
              </value>
            </param>
          </params>
          <reporter-output>
          </reporter-output>
        </test-method> <!-- runTests -->
        <test-method status="PASS" signature="afterClass()[pri:0, instance:com.prototype.framework.runner.TestNgCucumberRunner@234bef66]" name="afterClass" is-config="true" duration-ms="22" started-at="2019-01-07T20:21:57Z" finished-at="2019-01-07T20:21:57Z">
          <reporter-output>
          </reporter-output>
        </test-method> <!-- afterClass -->
      </class> <!-- com.prototype.framework.runner.TestNgCucumberRunner -->
    </test> <!-- Surefire test -->
  </suite> <!-- Surefire suite -->
</testng-results>
